C51 COMPILER V9.56.0.0   JSQ                                                               01/03/2019 14:58:13 PAGE 1   


C51 COMPILER V9.56.0.0, COMPILATION OF MODULE JSQ
OBJECT MODULE PLACED IN .\Objects\jsq.obj
COMPILER INVOKED BY: D:\Keil_v5\C51\BIN\C51.EXE jsq.c OPTIMIZE(8,SPEED) BROWSE DEBUG OBJECTEXTEND PRINT(.\Listings\jsq.l
                    -st) TABS(2) OBJECT(.\Objects\jsq.obj)

line level    source

   1          #include<reg52.h>
   2          #include<stdio.h>
   3          #include<intrins.h>
   4          #define uchar unsigned char
   5          #define uint unsigned char
   6          sbit RS=P2^4;
   7          sbit RW=P2^5;
   8          sbit E=P2^6;
   9          bit kp;
  10          void delayms(uint ms)
  11          {
  12   1        uchar i;
  13   1        while(ms--)
  14   1          for(i=0;i<123;i++);
  15   1      }
  16          void w_com(uchar com) //写入命令
  17          {
  18   1        RS=0;
  19   1        RW=0;
  20   1        E=1;
  21   1        P0=com;
  22   1        E=0;
  23   1        delayms(1);
  24   1      }
  25          void w_dat(uchar dat) //写入数据
  26          {
  27   1        RS=1;
  28   1        RW=0;
  29   1        E=1;
  30   1        P0=dat;
  31   1        E=0;
  32   1        delayms(1);
  33   1      }
  34          void w_Char(uchar x,uchar y,uchar dat) //写入字符
  35          {
  36   1        if(y==0)
  37   1        {
  38   2          w_com(0x80+x);
  39   2        }
  40   1        else
  41   1        {
  42   2          w_com(0xc0+x);
  43   2        }
  44   1        w_dat(dat);
  45   1      }
  46          void w_str(uchar x,uchar y,uchar *s) //写入字符串
  47          {
  48   1        while(*s)
  49   1        {
  50   2          w_Char(x,y,*s);
  51   2          s++;
  52   2          x++;
  53   2        }
  54   1      }
C51 COMPILER V9.56.0.0   JSQ                                                               01/03/2019 14:58:13 PAGE 2   

  55          void LCD_init() //液晶屏初始化
  56          {
  57   1        delayms(10);
  58   1        w_com(0x38);
  59   1        delayms(10);
  60   1        w_com(0x06);
  61   1        delayms(10);
  62   1        w_com(0x0c);
  63   1        delayms(10);
  64   1        w_com(0x01);
  65   1        delayms(10);
  66   1        w_com(0x38);
  67   1        delayms(10);
  68   1      }
  69          uchar key_scan()   //按键扫描法进行矩阵按键扫描
  70          {
  71   1        uchar scan1,scan2,temp;
  72   1        static bit kp=0;
  73   1        P3=0xf0;
  74   1        scan1=P3&0xf0;
  75   1        if(scan1!=0xf0)
  76   1        {
  77   2          delayms(10);
  78   2          scan1=P3&0xf0;
  79   2          if((scan1!=0xf0)&&(kp==0))
  80   2          {
  81   3            kp=1;
  82   3            P3=0x0f;
  83   3            scan2=P3%0x0f;
  84   3            temp=scan1|scan2;
  85   3            return temp;
  86   3          }
  87   2        }
  88   1        else kp=0;
  89   1        return 0xff;
  90   1      }
  91          uchar key_pro()
  92          {
  93   1        switch(key_scan())
  94   1        {
  95   2          case 0x7e:return '/';break;//按键0
  96   2          case 0x7d:return 'x';break;//按键1
  97   2          case 0x7b:return '-';break;//按键2
  98   2          case 0x77:return '+';break;//按键3
  99   2          case 0xbe:return '=';break;//按键4
 100   2          case 0xbd:return '3';break;//按键5
 101   2          case 0xbb:return '6';break;//按键6
 102   2          case 0xb7:return '9';break;//按键7
 103   2          case 0xde:return '.';break;//按键8
 104   2          case 0xdd:return '2';break;//按键9
 105   2          case 0xdb:return '5';break;//按键A
 106   2          case 0xd7:return '8';break;//按键B
 107   2          case 0xee:return '0';break;//按键C
 108   2          case 0xed:return '1';break;//按键D
 109   2          case 0xeb:return '4';break;//按键E
 110   2          case 0xe7:return '7';break;//按键F
 111   2          default:return 0xff;break;
 112   2        }
 113   1      }
 114          void main(void)
 115          {
 116   1        uchar num,i,sign;
C51 COMPILER V9.56.0.0   JSQ                                                               01/03/2019 14:58:13 PAGE 3   

 117   1        uchar temp[16];
 118   1        bit firstflag;
 119   1        float a=0,b=0;
 120   1        uchar s;
 121   1        LCD_init();
 122   1        delayms(10);
 123   1        w_com(0x01);
 124   1        delayms(200);
 125   1        w_com(0x01);
 126   1        while(1)
 127   1        {
 128   2          num=key_pro();
 129   2          if(num!=0xff)         //如果扫描时有效值则下一步
 130   2          {
 131   3            if(i==0)            //输入第一个字符的时候，需要把后面清空
 132   3              w_com(0x01);
 133   3            if(('+'==num)||/*(i==16)||*/('-'==num)||('x'==num)||('/'==num)||('='==num))
 134   3            {
 135   4              i=0;              //计算器复位
 136   4              if(firstflag==0)
 137   4              {
 138   5                sscanf(temp,"%f",&a);
 139   5                firstflag=1;
 140   5              }
 141   4              else
 142   4                sscanf(temp,"%f",&b);
 143   4              for(s=0;s<16;s++) //缓冲区清理
 144   4              {
 145   5                temp[s]=0;
 146   5              }
 147   4              w_Char(0,1,num);
 148   4              if(num!='=')
 149   4                sign=num;       //如果不是等号，记下标志位
 150   4              else
 151   4              {
 152   5                firstflag=0;    //检测到输入=号，判断上次读入的符号
 153   5                switch(sign)
 154   5                {
 155   6                  case '+':a=a+b;break;
 156   6                  case '-':a=a-b;break;
 157   6                  case 'x':a=a*b;break;
 158   6                  case '/':a=a/b;break;
 159   6                  default:break;
 160   6                }
 161   5                sprintf(temp,"%g",a);  //输出浮点型
 162   5                w_str(1,1,temp);       //显示到液晶屏
 163   5                sign=0;a=b=0;          //之后数据清零
 164   5                for(s=0;s<16;s++)
 165   5                temp[s]=0;
 166   5              }
 167   4            }
 168   3            else if(i<16)
 169   3            {
 170   4              if((1==i)&&(temp[0]=='0'))  //如果第一个字符为0，则对下一个字符进行判断
 171   4              {
 172   5                if(num=='.')       //如果小数点，则光标位置加1
 173   5                {
 174   6                  temp[1]='.';
 175   6                  w_Char(1,0,num); //输出数据
 176   6                  i++;
 177   6                }
 178   5                else
C51 COMPILER V9.56.0.0   JSQ                                                               01/03/2019 14:58:13 PAGE 4   

 179   5                {
 180   6                  temp[0]=num;     //如果是数字1-9，则说明0没用，则替换0所在的第一位
 181   6                  w_Char(0,0,num); //输出数据
 182   6                }
 183   5              }
 184   4              else
 185   4              {
 186   5                temp[i]=num;
 187   5                w_Char(i,0,num);   //输出数据
 188   5                i++;               //输入数值累加
 189   5              }
 190   4            }
 191   3          }
 192   2        }
 193   1      }


MODULE INFORMATION:   STATIC OVERLAYABLE
   CODE SIZE        =    781    ----
   CONSTANT SIZE    =      6    ----
   XDATA SIZE       =   ----    ----
   PDATA SIZE       =   ----    ----
   DATA SIZE        =   ----      33
   IDATA SIZE       =   ----    ----
   BIT SIZE         =      2       1
END OF MODULE INFORMATION.


C51 COMPILATION COMPLETE.  0 WARNING(S),  0 ERROR(S)
